WARNING:root:The OGB package is out of date. Your version is 1.3.5, while the latest version is 1.3.6.
[32m[I 2023-04-11 17:18:05,307][0m A new study created in memory with name: no-name-635d829a-62b8-4b17-b4d3-fd100b76bbfa[0m
Epoch: 005, rocauc: 0.74(train) 0.65(valid), 0.65(test) || time consumption: 31.50s
Epoch: 010, rocauc: 0.71(train) 0.60(valid), 0.65(test) || time consumption: 40.04s
Epoch: 015, rocauc: 0.74(train) 0.63(valid), 0.66(test) || time consumption: 51.41s
Epoch: 020, rocauc: 0.75(train) 0.67(valid), 0.63(test) || time consumption: 35.96s
Epoch: 025, rocauc: 0.73(train) 0.63(valid), 0.70(test) || time consumption: 44.99s
Epoch: 030, rocauc: 0.72(train) 0.61(valid), 0.67(test) || time consumption: 51.79s
Epoch: 035, rocauc: 0.69(train) 0.56(valid), 0.70(test) || time consumption: 34.97s
Epoch: 040, rocauc: 0.73(train) 0.65(valid), 0.72(test) || time consumption: 47.33s
Epoch: 045, rocauc: 0.73(train) 0.57(valid), 0.68(test) || time consumption: 54.06s
[32m[I 2023-04-11 17:39:21,899][0m Trial 0 finished with value: 0.7157032773904478 and parameters: {'learning_rate': 0.00020157968154690622, 'hidden_dim': 39, 'drop_rate': 0.541312490005775, 'intraview_negs': False, 'temperature': 0.9715178884511908, 'n_layers': 2, 'weight_decay': 1e-05, 'aug_strength': 0.3}. Best is trial 0 with value: 0.7157032773904478.[0m
Epoch: 050, rocauc: 0.72(train) 0.57(valid), 0.71(test) || time consumption: 45.12s
Epoch: 005, rocauc: 0.81(train) 0.67(valid), 0.69(test) || time consumption: 314.53s
Epoch: 010, rocauc: 0.80(train) 0.63(valid), 0.71(test) || time consumption: 190.84s
Epoch: 015, rocauc: 0.80(train) 0.69(valid), 0.67(test) || time consumption: 263.07s
Epoch: 020, rocauc: 0.79(train) 0.63(valid), 0.72(test) || time consumption: 218.63s
Epoch: 025, rocauc: 0.76(train) 0.71(valid), 0.71(test) || time consumption: 234.02s
Epoch: 030, rocauc: 0.76(train) 0.66(valid), 0.74(test) || time consumption: 225.87s
Epoch: 035, rocauc: 0.77(train) 0.69(valid), 0.74(test) || time consumption: 242.81s
Epoch: 040, rocauc: 0.74(train) 0.71(valid), 0.75(test) || time consumption: 185.36s
Epoch: 045, rocauc: 0.77(train) 0.70(valid), 0.74(test) || time consumption: 251.07s
[32m[I 2023-04-11 18:33:06,001][0m Trial 1 finished with value: 0.7507869985901621 and parameters: {'learning_rate': 0.006774933456238719, 'hidden_dim': 166, 'drop_rate': 0.6290917968169564, 'intraview_negs': False, 'temperature': 0.5557948114676818, 'n_layers': 3, 'weight_decay': 0.001, 'aug_strength': 0.2}. Best is trial 1 with value: 0.7507869985901621.[0m
Epoch: 050, rocauc: 0.78(train) 0.68(valid), 0.75(test) || time consumption: 189.37s
Epoch: 005, rocauc: 0.81(train) 0.69(valid), 0.78(test) || time consumption: 117.78s
Epoch: 010, rocauc: 0.82(train) 0.68(valid), 0.71(test) || time consumption: 155.51s
Epoch: 015, rocauc: 0.82(train) 0.65(valid), 0.74(test) || time consumption: 146.70s
Epoch: 020, rocauc: 0.81(train) 0.70(valid), 0.75(test) || time consumption: 141.58s
Epoch: 025, rocauc: 0.83(train) 0.68(valid), 0.76(test) || time consumption: 140.45s
Epoch: 030, rocauc: 0.83(train) 0.71(valid), 0.75(test) || time consumption: 89.33s
Epoch: 035, rocauc: 0.84(train) 0.70(valid), 0.78(test) || time consumption: 113.69s
Epoch: 040, rocauc: 0.83(train) 0.68(valid), 0.76(test) || time consumption: 144.93s
Epoch: 045, rocauc: 0.83(train) 0.69(valid), 0.75(test) || time consumption: 121.19s
[32m[I 2023-04-11 19:08:04,363][0m Trial 2 finished with value: 0.7777651171324282 and parameters: {'learning_rate': 0.0005978254279071257, 'hidden_dim': 120, 'drop_rate': 0.39452569290144884, 'intraview_negs': True, 'temperature': 0.47785075674196426, 'n_layers': 2, 'weight_decay': 0.0001, 'aug_strength': 0.1}. Best is trial 2 with value: 0.7777651171324282.[0m
Epoch: 050, rocauc: 0.82(train) 0.70(valid), 0.75(test) || time consumption: 105.70s
Epoch: 005, rocauc: 0.72(train) 0.67(valid), 0.70(test) || time consumption: 36.75s
Epoch: 010, rocauc: 0.68(train) 0.69(valid), 0.68(test) || time consumption: 39.19s
Epoch: 015, rocauc: 0.70(train) 0.63(valid), 0.69(test) || time consumption: 43.85s
Epoch: 020, rocauc: 0.70(train) 0.66(valid), 0.70(test) || time consumption: 41.10s
Epoch: 025, rocauc: 0.70(train) 0.62(valid), 0.70(test) || time consumption: 42.14s
Epoch: 030, rocauc: 0.70(train) 0.62(valid), 0.69(test) || time consumption: 25.10s
Epoch: 035, rocauc: 0.73(train) 0.64(valid), 0.71(test) || time consumption: 42.00s
Epoch: 040, rocauc: 0.72(train) 0.60(valid), 0.69(test) || time consumption: 40.85s
Epoch: 045, rocauc: 0.72(train) 0.66(valid), 0.71(test) || time consumption: 33.74s
[32m[I 2023-04-11 19:27:32,231][0m Trial 3 finished with value: 0.7185770292975917 and parameters: {'learning_rate': 0.00016593444878381058, 'hidden_dim': 36, 'drop_rate': 0.4684928579315908, 'intraview_negs': True, 'temperature': 0.6519965872454954, 'n_layers': 2, 'weight_decay': 0, 'aug_strength': 0.3}. Best is trial 2 with value: 0.7777651171324282.[0m
Epoch: 050, rocauc: 0.73(train) 0.65(valid), 0.72(test) || time consumption: 41.76s
Epoch: 005, rocauc: 0.80(train) 0.65(valid), 0.72(test) || time consumption: 155.55s
Epoch: 010, rocauc: 0.80(train) 0.68(valid), 0.68(test) || time consumption: 108.76s
Epoch: 015, rocauc: 0.82(train) 0.67(valid), 0.70(test) || time consumption: 97.84s
Epoch: 020, rocauc: 0.80(train) 0.65(valid), 0.70(test) || time consumption: 148.73s
Epoch: 025, rocauc: 0.82(train) 0.65(valid), 0.74(test) || time consumption: 126.19s
Epoch: 030, rocauc: 0.80(train) 0.59(valid), 0.71(test) || time consumption: 115.56s
Epoch: 035, rocauc: 0.81(train) 0.58(valid), 0.74(test) || time consumption: 99.04s
Epoch: 040, rocauc: 0.82(train) 0.64(valid), 0.75(test) || time consumption: 100.79s
Epoch: 045, rocauc: 0.83(train) 0.60(valid), 0.72(test) || time consumption: 79.52s
[32m[I 2023-04-11 20:01:36,618][0m Trial 4 finished with value: 0.7489928349330809 and parameters: {'learning_rate': 0.0017835433358540122, 'hidden_dim': 63, 'drop_rate': 0.6639037286402841, 'intraview_negs': True, 'temperature': 0.2707907786567996, 'n_layers': 4, 'weight_decay': 1e-05, 'aug_strength': 0.1}. Best is trial 2 with value: 0.7777651171324282.[0m
Epoch: 050, rocauc: 0.83(train) 0.65(valid), 0.74(test) || time consumption: 85.02s
Epoch: 005, rocauc: 0.81(train) 0.68(valid), 0.72(test) || time consumption: 66.23s
Epoch: 010, rocauc: 0.80(train) 0.68(valid), 0.73(test) || time consumption: 66.85s
Epoch: 015, rocauc: 0.79(train) 0.67(valid), 0.67(test) || time consumption: 78.44s
Epoch: 020, rocauc: 0.78(train) 0.63(valid), 0.69(test) || time consumption: 95.54s
Epoch: 025, rocauc: 0.80(train) 0.61(valid), 0.71(test) || time consumption: 62.77s
Epoch: 030, rocauc: 0.81(train) 0.62(valid), 0.71(test) || time consumption: 71.17s
[32m[I 2023-04-11 20:20:22,729][0m Trial 5 pruned. [0m
Epoch: 035, rocauc: 0.80(train) 0.63(valid), 0.70(test) || time consumption: 77.33s
[32m[I 2023-04-11 20:22:36,370][0m Trial 6 pruned. [0m
Epoch: 005, rocauc: 0.79(train) 0.63(valid), 0.67(test) || time consumption: 54.84s
Epoch: 005, rocauc: 0.81(train) 0.59(valid), 0.74(test) || time consumption: 76.47s
Epoch: 010, rocauc: 0.82(train) 0.63(valid), 0.74(test) || time consumption: 86.57s
Epoch: 015, rocauc: 0.83(train) 0.62(valid), 0.73(test) || time consumption: 73.77s
Epoch: 020, rocauc: 0.82(train) 0.57(valid), 0.72(test) || time consumption: 68.88s
Epoch: 025, rocauc: 0.82(train) 0.61(valid), 0.74(test) || time consumption: 59.58s
Epoch: 030, rocauc: 0.80(train) 0.60(valid), 0.71(test) || time consumption: 62.48s
Epoch: 035, rocauc: 0.81(train) 0.62(valid), 0.72(test) || time consumption: 66.39s
[32m[I 2023-04-11 20:44:24,557][0m Trial 7 pruned. [0m
Epoch: 040, rocauc: 0.81(train) 0.62(valid), 0.71(test) || time consumption: 66.22s
Epoch: 005, rocauc: 0.82(train) 0.58(valid), 0.72(test) || time consumption: 118.89s
Epoch: 010, rocauc: 0.81(train) 0.72(valid), 0.76(test) || time consumption: 161.15s
Epoch: 015, rocauc: 0.84(train) 0.60(valid), 0.74(test) || time consumption: 132.09s
Epoch: 020, rocauc: 0.83(train) 0.64(valid), 0.74(test) || time consumption: 145.54s
Epoch: 025, rocauc: 0.81(train) 0.59(valid), 0.74(test) || time consumption: 130.83s
Epoch: 030, rocauc: 0.81(train) 0.65(valid), 0.73(test) || time consumption: 136.57s
Epoch: 035, rocauc: 0.82(train) 0.66(valid), 0.72(test) || time consumption: 134.42s
Epoch: 040, rocauc: 0.82(train) 0.67(valid), 0.71(test) || time consumption: 145.61s
Epoch: 045, rocauc: 0.80(train) 0.70(valid), 0.70(test) || time consumption: 149.63s
[32m[I 2023-04-11 21:25:35,520][0m Trial 8 finished with value: 0.7585217945499141 and parameters: {'learning_rate': 0.0012733950296532409, 'hidden_dim': 185, 'drop_rate': 0.47148191130624206, 'intraview_negs': False, 'temperature': 0.3084055269250679, 'n_layers': 4, 'weight_decay': 0.0001, 'aug_strength': 0.1}. Best is trial 2 with value: 0.7777651171324282.[0m
Epoch: 050, rocauc: 0.81(train) 0.72(valid), 0.72(test) || time consumption: 165.34s
Epoch: 005, rocauc: 0.85(train) 0.68(valid), 0.75(test) || time consumption: 300.20s
Epoch: 010, rocauc: 0.87(train) 0.64(valid), 0.73(test) || time consumption: 252.06s
Epoch: 015, rocauc: 0.83(train) 0.67(valid), 0.75(test) || time consumption: 340.68s
Epoch: 020, rocauc: 0.84(train) 0.63(valid), 0.74(test) || time consumption: 284.13s
Epoch: 025, rocauc: 0.85(train) 0.69(valid), 0.73(test) || time consumption: 374.16s
Epoch: 030, rocauc: 0.86(train) 0.63(valid), 0.74(test) || time consumption: 276.91s
Epoch: 035, rocauc: 0.85(train) 0.67(valid), 0.73(test) || time consumption: 254.89s
Epoch: 040, rocauc: 0.84(train) 0.64(valid), 0.72(test) || time consumption: 254.89s
Epoch: 045, rocauc: 0.84(train) 0.64(valid), 0.72(test) || time consumption: 301.77s
[32m[I 2023-04-11 22:31:15,847][0m Trial 9 finished with value: 0.7525966125263138 and parameters: {'learning_rate': 0.0007225344743724575, 'hidden_dim': 130, 'drop_rate': 0.585152129142434, 'intraview_negs': False, 'temperature': 0.9012463231772938, 'n_layers': 4, 'weight_decay': 0, 'aug_strength': 0.3}. Best is trial 2 with value: 0.7777651171324282.[0m
Epoch: 050, rocauc: 0.84(train) 0.65(valid), 0.72(test) || time consumption: 302.31s
Epoch: 005, rocauc: 0.83(train) 0.63(valid), 0.72(test) || time consumption: 109.21s
Epoch: 010, rocauc: 0.81(train) 0.67(valid), 0.69(test) || time consumption: 146.16s
Epoch: 015, rocauc: 0.81(train) 0.68(valid), 0.72(test) || time consumption: 157.07s
Epoch: 020, rocauc: 0.80(train) 0.70(valid), 0.73(test) || time consumption: 141.48s
[32m[I 2023-04-11 22:50:49,956][0m Trial 10 pruned. [0m
Epoch: 025, rocauc: 0.81(train) 0.70(valid), 0.72(test) || time consumption: 152.49s
Epoch: 005, rocauc: 0.86(train) 0.67(valid), 0.74(test) || time consumption: 112.25s
Epoch: 010, rocauc: 0.83(train) 0.67(valid), 0.74(test) || time consumption: 138.28s
Epoch: 015, rocauc: 0.81(train) 0.73(valid), 0.77(test) || time consumption: 118.74s
Epoch: 020, rocauc: 0.84(train) 0.75(valid), 0.74(test) || time consumption: 143.74s
Epoch: 025, rocauc: 0.84(train) 0.69(valid), 0.71(test) || time consumption: 110.57s
Epoch: 030, rocauc: 0.84(train) 0.71(valid), 0.75(test) || time consumption: 118.13s
Epoch: 035, rocauc: 0.83(train) 0.68(valid), 0.73(test) || time consumption: 97.11s
Epoch: 040, rocauc: 0.84(train) 0.69(valid), 0.75(test) || time consumption: 123.02s
Epoch: 045, rocauc: 0.84(train) 0.68(valid), 0.75(test) || time consumption: 83.13s
[32m[I 2023-04-11 23:26:49,850][0m Trial 11 finished with value: 0.772106452422797 and parameters: {'learning_rate': 0.0013616490707112304, 'hidden_dim': 179, 'drop_rate': 0.3730917327180397, 'intraview_negs': False, 'temperature': 0.20507719302812577, 'n_layers': 3, 'weight_decay': 0.0001, 'aug_strength': 0.1}. Best is trial 2 with value: 0.7777651171324282.[0m
Epoch: 050, rocauc: 0.84(train) 0.68(valid), 0.75(test) || time consumption: 94.95s
Epoch: 005, rocauc: 0.82(train) 0.69(valid), 0.73(test) || time consumption: 153.74s
Epoch: 010, rocauc: 0.80(train) 0.70(valid), 0.66(test) || time consumption: 134.12s
Epoch: 015, rocauc: 0.83(train) 0.70(valid), 0.75(test) || time consumption: 71.47s
Epoch: 020, rocauc: 0.83(train) 0.73(valid), 0.72(test) || time consumption: 147.28s
Epoch: 025, rocauc: 0.85(train) 0.73(valid), 0.74(test) || time consumption: 115.69s
Epoch: 030, rocauc: 0.84(train) 0.65(valid), 0.71(test) || time consumption: 134.30s
Epoch: 035, rocauc: 0.84(train) 0.68(valid), 0.74(test) || time consumption: 108.37s
Epoch: 040, rocauc: 0.82(train) 0.70(valid), 0.71(test) || time consumption: 130.88s
Epoch: 045, rocauc: 0.81(train) 0.71(valid), 0.69(test) || time consumption: 136.23s
[32m[I 2023-04-12 00:02:33,059][0m Trial 12 finished with value: 0.7486741729272485 and parameters: {'learning_rate': 0.0020508327299779846, 'hidden_dim': 123, 'drop_rate': 0.36424901751421906, 'intraview_negs': False, 'temperature': 0.21206573491347902, 'n_layers': 3, 'weight_decay': 0.0001, 'aug_strength': 0.1}. Best is trial 2 with value: 0.7777651171324282.[0m
Epoch: 050, rocauc: 0.82(train) 0.70(valid), 0.70(test) || time consumption: 111.87s
Epoch: 005, rocauc: 0.84(train) 0.70(valid), 0.77(test) || time consumption: 105.26s
Epoch: 010, rocauc: 0.85(train) 0.72(valid), 0.73(test) || time consumption: 127.25s
Epoch: 015, rocauc: 0.84(train) 0.69(valid), 0.78(test) || time consumption: 141.77s
Epoch: 020, rocauc: 0.85(train) 0.68(valid), 0.71(test) || time consumption: 153.21s
Epoch: 025, rocauc: 0.83(train) 0.69(valid), 0.72(test) || time consumption: 106.61s
Epoch: 030, rocauc: 0.83(train) 0.69(valid), 0.75(test) || time consumption: 90.01s
Epoch: 035, rocauc: 0.85(train) 0.72(valid), 0.73(test) || time consumption: 119.02s
Epoch: 040, rocauc: 0.86(train) 0.71(valid), 0.75(test) || time consumption: 121.43s
Epoch: 045, rocauc: 0.86(train) 0.70(valid), 0.74(test) || time consumption: 118.61s
[32m[I 2023-04-12 00:38:46,337][0m Trial 13 finished with value: 0.7802410243535023 and parameters: {'learning_rate': 0.00039421910666337064, 'hidden_dim': 199, 'drop_rate': 0.38677080885075155, 'intraview_negs': True, 'temperature': 0.38543124527633815, 'n_layers': 3, 'weight_decay': 0.0001, 'aug_strength': 0.1}. Best is trial 13 with value: 0.7802410243535023.[0m
Epoch: 050, rocauc: 0.85(train) 0.70(valid), 0.74(test) || time consumption: 77.26s
[32m[I 2023-04-12 00:41:49,753][0m Trial 14 pruned. [0m
Epoch: 005, rocauc: 0.80(train) 0.70(valid), 0.70(test) || time consumption: 92.72s
Epoch: 005, rocauc: 0.85(train) 0.65(valid), 0.73(test) || time consumption: 96.30s
Epoch: 010, rocauc: 0.84(train) 0.63(valid), 0.74(test) || time consumption: 81.39s
Epoch: 015, rocauc: 0.85(train) 0.67(valid), 0.75(test) || time consumption: 98.94s
Epoch: 020, rocauc: 0.84(train) 0.69(valid), 0.74(test) || time consumption: 93.71s
Epoch: 025, rocauc: 0.84(train) 0.70(valid), 0.76(test) || time consumption: 77.46s
Epoch: 030, rocauc: 0.86(train) 0.67(valid), 0.74(test) || time consumption: 114.02s
Epoch: 035, rocauc: 0.86(train) 0.70(valid), 0.77(test) || time consumption: 96.33s
Epoch: 040, rocauc: 0.86(train) 0.72(valid), 0.77(test) || time consumption: 64.80s
Epoch: 045, rocauc: 0.85(train) 0.71(valid), 0.76(test) || time consumption: 95.25s
[32m[I 2023-04-12 01:12:39,968][0m Trial 15 finished with value: 0.7694683172714808 and parameters: {'learning_rate': 0.0003552494528340909, 'hidden_dim': 143, 'drop_rate': 0.3046893318380243, 'intraview_negs': True, 'temperature': 0.4618134075720582, 'n_layers': 3, 'weight_decay': 0.0001, 'aug_strength': 0.1}. Best is trial 13 with value: 0.7802410243535023.[0m
Epoch: 050, rocauc: 0.86(train) 0.72(valid), 0.76(test) || time consumption: 102.38s
[32m[I 2023-04-12 01:16:23,471][0m Trial 16 pruned. [0m
Epoch: 005, rocauc: 0.83(train) 0.69(valid), 0.72(test) || time consumption: 140.03s
Epoch: 005, rocauc: 0.87(train) 0.68(valid), 0.76(test) || time consumption: 63.12s
Epoch: 010, rocauc: 0.85(train) 0.65(valid), 0.76(test) || time consumption: 38.73s
Epoch: 015, rocauc: 0.85(train) 0.64(valid), 0.77(test) || time consumption: 51.36s
Epoch: 020, rocauc: 0.85(train) 0.67(valid), 0.75(test) || time consumption: 66.86s
Epoch: 025, rocauc: 0.85(train) 0.61(valid), 0.75(test) || time consumption: 60.99s
Epoch: 030, rocauc: 0.85(train) 0.69(valid), 0.74(test) || time consumption: 66.90s
Epoch: 035, rocauc: 0.85(train) 0.68(valid), 0.75(test) || time consumption: 41.26s
Epoch: 040, rocauc: 0.85(train) 0.65(valid), 0.75(test) || time consumption: 51.48s
Epoch: 045, rocauc: 0.85(train) 0.68(valid), 0.75(test) || time consumption: 62.08s
[32m[I 2023-04-12 01:40:25,972][0m Trial 17 finished with value: 0.7703779524517662 and parameters: {'learning_rate': 0.00010467245635410231, 'hidden_dim': 146, 'drop_rate': 0.40913077324277397, 'intraview_negs': True, 'temperature': 0.444402292213929, 'n_layers': 3, 'weight_decay': 0.0001, 'aug_strength': 0.1}. Best is trial 13 with value: 0.7802410243535023.[0m
Epoch: 050, rocauc: 0.85(train) 0.68(valid), 0.76(test) || time consumption: 58.06s
[32m[I 2023-04-12 01:43:05,943][0m Trial 18 pruned. [0m
Epoch: 005, rocauc: 0.85(train) 0.64(valid), 0.68(test) || time consumption: 77.49s
Epoch: 005, rocauc: 0.81(train) 0.72(valid), 0.75(test) || time consumption: 125.92s
Epoch: 010, rocauc: 0.82(train) 0.71(valid), 0.77(test) || time consumption: 226.64s
Epoch: 015, rocauc: 0.81(train) 0.70(valid), 0.75(test) || time consumption: 204.49s
Epoch: 020, rocauc: 0.82(train) 0.70(valid), 0.74(test) || time consumption: 198.61s
Epoch: 025, rocauc: 0.83(train) 0.71(valid), 0.75(test) || time consumption: 242.78s
Epoch: 030, rocauc: 0.83(train) 0.68(valid), 0.74(test) || time consumption: 194.58s
Epoch: 035, rocauc: 0.83(train) 0.63(valid), 0.72(test) || time consumption: 196.76s
Epoch: 040, rocauc: 0.83(train) 0.66(valid), 0.73(test) || time consumption: 183.12s
Epoch: 045, rocauc: 0.84(train) 0.67(valid), 0.74(test) || time consumption: 195.10s
[32m[I 2023-04-12 02:29:47,192][0m Trial 19 finished with value: 0.7716815697483536 and parameters: {'learning_rate': 0.0007515272934631314, 'hidden_dim': 157, 'drop_rate': 0.35119998075535624, 'intraview_negs': True, 'temperature': 0.33341500192877516, 'n_layers': 2, 'weight_decay': 0.0001, 'aug_strength': 0.2}. Best is trial 13 with value: 0.7802410243535023.[0m
Epoch: 050, rocauc: 0.83(train) 0.68(valid), 0.73(test) || time consumption: 193.65s
Epoch: 005, rocauc: 0.80(train) 0.70(valid), 0.74(test) || time consumption: 67.15s
Epoch: 010, rocauc: 0.83(train) 0.64(valid), 0.74(test) || time consumption: 104.44s
[32m[I 2023-04-12 02:38:32,853][0m Trial 20 pruned. [0m
Epoch: 015, rocauc: 0.85(train) 0.66(valid), 0.71(test) || time consumption: 95.27s
Epoch: 005, rocauc: 0.84(train) 0.73(valid), 0.75(test) || time consumption: 133.79s
Epoch: 010, rocauc: 0.83(train) 0.76(valid), 0.72(test) || time consumption: 141.00s
Epoch: 015, rocauc: 0.82(train) 0.75(valid), 0.71(test) || time consumption: 131.23s
Epoch: 020, rocauc: 0.81(train) 0.73(valid), 0.71(test) || time consumption: 154.04s
Epoch: 025, rocauc: 0.84(train) 0.63(valid), 0.76(test) || time consumption: 109.29s
Epoch: 030, rocauc: 0.82(train) 0.76(valid), 0.73(test) || time consumption: 108.25s
Epoch: 035, rocauc: 0.84(train) 0.74(valid), 0.71(test) || time consumption: 113.72s
Epoch: 040, rocauc: 0.83(train) 0.76(valid), 0.68(test) || time consumption: 120.21s
Epoch: 045, rocauc: 0.83(train) 0.73(valid), 0.66(test) || time consumption: 108.59s
[32m[I 2023-04-12 03:13:05,011][0m Trial 21 finished with value: 0.7622530369454799 and parameters: {'learning_rate': 0.0011260783386586085, 'hidden_dim': 177, 'drop_rate': 0.376111282529954, 'intraview_negs': False, 'temperature': 0.28394247177759036, 'n_layers': 3, 'weight_decay': 0.0001, 'aug_strength': 0.1}. Best is trial 13 with value: 0.7802410243535023.[0m
Epoch: 050, rocauc: 0.83(train) 0.72(valid), 0.68(test) || time consumption: 111.95s
Epoch: 005, rocauc: 0.85(train) 0.70(valid), 0.74(test) || time consumption: 59.57s
Epoch: 010, rocauc: 0.84(train) 0.71(valid), 0.76(test) || time consumption: 89.02s
Epoch: 015, rocauc: 0.84(train) 0.67(valid), 0.77(test) || time consumption: 108.56s
Epoch: 020, rocauc: 0.85(train) 0.69(valid), 0.77(test) || time consumption: 93.78s
Epoch: 025, rocauc: 0.86(train) 0.67(valid), 0.75(test) || time consumption: 48.75s
Epoch: 030, rocauc: 0.85(train) 0.68(valid), 0.74(test) || time consumption: 97.75s
Epoch: 035, rocauc: 0.86(train) 0.68(valid), 0.75(test) || time consumption: 86.75s
Epoch: 040, rocauc: 0.85(train) 0.65(valid), 0.74(test) || time consumption: 71.29s
Epoch: 045, rocauc: 0.85(train) 0.65(valid), 0.74(test) || time consumption: 60.40s
[32m[I 2023-04-12 03:40:48,895][0m Trial 22 finished with value: 0.7714266401436877 and parameters: {'learning_rate': 0.00026201539284130657, 'hidden_dim': 198, 'drop_rate': 0.34192844744776013, 'intraview_negs': False, 'temperature': 0.2372510090048715, 'n_layers': 3, 'weight_decay': 0.0001, 'aug_strength': 0.1}. Best is trial 13 with value: 0.7802410243535023.[0m
Epoch: 050, rocauc: 0.85(train) 0.65(valid), 0.73(test) || time consumption: 85.00s
