[32m[I 2023-04-12 13:15:30,272][0m Trial 73 pruned. [0m
Epoch: 005, rocauc: 0.84(train) 0.70(valid), 0.75(test) || time consumption: 62.26s
Epoch: 005, rocauc: 0.85(train) 0.66(valid), 0.76(test) || time consumption: 102.93s
Epoch: 010, rocauc: 0.84(train) 0.69(valid), 0.75(test) || time consumption: 140.83s
Epoch: 015, rocauc: 0.84(train) 0.76(valid), 0.75(test) || time consumption: 104.61s
Epoch: 020, rocauc: 0.83(train) 0.72(valid), 0.75(test) || time consumption: 86.98s
Epoch: 025, rocauc: 0.83(train) 0.68(valid), 0.73(test) || time consumption: 122.32s
Epoch: 030, rocauc: 0.83(train) 0.66(valid), 0.71(test) || time consumption: 120.32s
Epoch: 035, rocauc: 0.83(train) 0.67(valid), 0.72(test) || time consumption: 70.88s
Epoch: 040, rocauc: 0.84(train) 0.69(valid), 0.74(test) || time consumption: 84.27s
Epoch: 045, rocauc: 0.84(train) 0.65(valid), 0.74(test) || time consumption: 99.52s
[32m[I 2023-04-12 13:47:37,334][0m Trial 74 finished with value: 0.7617779408640569 and parameters: {'learning_rate': 0.0013689788318695453, 'hidden_dim': 128, 'drop_rate': 0.34821846698277886, 'intraview_negs': False, 'temperature': 0.2975098746304411, 'n_layers': 3, 'weight_decay': 0.0001, 'aug_strength': 0.2}. Best is trial 29 with value: 0.789451321964503.[0m
Epoch: 050, rocauc: 0.84(train) 0.66(valid), 0.74(test) || time consumption: 89.43s
Epoch: 005, rocauc: 0.86(train) 0.62(valid), 0.78(test) || time consumption: 67.23s
Epoch: 010, rocauc: 0.85(train) 0.68(valid), 0.74(test) || time consumption: 64.48s
Epoch: 015, rocauc: 0.85(train) 0.69(valid), 0.73(test) || time consumption: 63.17s
Epoch: 020, rocauc: 0.83(train) 0.72(valid), 0.75(test) || time consumption: 58.02s
Epoch: 025, rocauc: 0.86(train) 0.72(valid), 0.76(test) || time consumption: 77.94s
Epoch: 030, rocauc: 0.83(train) 0.71(valid), 0.75(test) || time consumption: 79.43s
Epoch: 035, rocauc: 0.84(train) 0.64(valid), 0.75(test) || time consumption: 55.69s
Epoch: 040, rocauc: 0.85(train) 0.63(valid), 0.76(test) || time consumption: 88.63s
Epoch: 045, rocauc: 0.85(train) 0.61(valid), 0.76(test) || time consumption: 79.82s
[32m[I 2023-04-12 14:12:48,207][0m Trial 75 finished with value: 0.7754553004113637 and parameters: {'learning_rate': 0.00039704520738928094, 'hidden_dim': 154, 'drop_rate': 0.3313715783252457, 'intraview_negs': False, 'temperature': 0.25224994983744087, 'n_layers': 3, 'weight_decay': 0.0001, 'aug_strength': 0.2}. Best is trial 29 with value: 0.789451321964503.[0m
Epoch: 050, rocauc: 0.85(train) 0.62(valid), 0.77(test) || time consumption: 75.76s
[32m[I 2023-04-12 14:15:07,085][0m Trial 76 pruned. [0m
Epoch: 005, rocauc: 0.85(train) 0.70(valid), 0.74(test) || time consumption: 55.67s
[32m[I 2023-04-12 14:18:11,454][0m Trial 77 pruned. [0m
Epoch: 005, rocauc: 0.83(train) 0.66(valid), 0.75(test) || time consumption: 112.17s
[32m[I 2023-04-12 14:20:55,542][0m Trial 78 pruned. [0m
Epoch: 005, rocauc: 0.85(train) 0.67(valid), 0.72(test) || time consumption: 80.09s
[32m[I 2023-04-12 14:24:34,210][0m Trial 79 pruned. [0m
Epoch: 005, rocauc: 0.85(train) 0.61(valid), 0.69(test) || time consumption: 136.60s
[32m[I 2023-04-12 14:27:03,481][0m Trial 80 pruned. [0m
Epoch: 005, rocauc: 0.83(train) 0.74(valid), 0.75(test) || time consumption: 81.85s
Epoch: 005, rocauc: 0.86(train) 0.68(valid), 0.77(test) || time consumption: 41.18s
Epoch: 010, rocauc: 0.86(train) 0.68(valid), 0.75(test) || time consumption: 53.52s
Epoch: 015, rocauc: 0.85(train) 0.71(valid), 0.77(test) || time consumption: 48.17s
Epoch: 020, rocauc: 0.85(train) 0.59(valid), 0.76(test) || time consumption: 50.02s
Epoch: 025, rocauc: 0.86(train) 0.64(valid), 0.74(test) || time consumption: 45.52s
Epoch: 030, rocauc: 0.86(train) 0.69(valid), 0.75(test) || time consumption: 58.06s
Epoch: 035, rocauc: 0.85(train) 0.66(valid), 0.74(test) || time consumption: 47.13s
Epoch: 040, rocauc: 0.86(train) 0.68(valid), 0.74(test) || time consumption: 58.31s
Epoch: 045, rocauc: 0.85(train) 0.69(valid), 0.75(test) || time consumption: 43.70s
[32m[I 2023-04-12 14:46:42,725][0m Trial 81 finished with value: 0.7696073697831166 and parameters: {'learning_rate': 0.0004033672011266218, 'hidden_dim': 135, 'drop_rate': 0.3108561699286055, 'intraview_negs': False, 'temperature': 0.26362557744218196, 'n_layers': 3, 'weight_decay': 0.0001, 'aug_strength': 0.2}. Best is trial 29 with value: 0.789451321964503.[0m
Epoch: 050, rocauc: 0.85(train) 0.68(valid), 0.74(test) || time consumption: 39.30s
[32m[I 2023-04-12 14:48:35,247][0m Trial 82 pruned. [0m
Epoch: 005, rocauc: 0.85(train) 0.66(valid), 0.71(test) || time consumption: 41.27s
Epoch: 005, rocauc: 0.84(train) 0.70(valid), 0.75(test) || time consumption: 55.62s
Epoch: 010, rocauc: 0.86(train) 0.67(valid), 0.75(test) || time consumption: 51.73s
Epoch: 015, rocauc: 0.86(train) 0.64(valid), 0.76(test) || time consumption: 45.73s
Epoch: 020, rocauc: 0.85(train) 0.68(valid), 0.75(test) || time consumption: 54.78s
Epoch: 025, rocauc: 0.84(train) 0.66(valid), 0.76(test) || time consumption: 49.33s
Epoch: 030, rocauc: 0.84(train) 0.69(valid), 0.74(test) || time consumption: 67.47s
Epoch: 035, rocauc: 0.85(train) 0.72(valid), 0.76(test) || time consumption: 44.50s
Epoch: 040, rocauc: 0.86(train) 0.70(valid), 0.75(test) || time consumption: 54.13s
Epoch: 045, rocauc: 0.85(train) 0.68(valid), 0.75(test) || time consumption: 47.26s
[32m[I 2023-04-12 15:07:15,394][0m Trial 83 finished with value: 0.7638830413874351 and parameters: {'learning_rate': 0.0004406708071983037, 'hidden_dim': 151, 'drop_rate': 0.31961432923700994, 'intraview_negs': False, 'temperature': 0.28874403077303995, 'n_layers': 3, 'weight_decay': 0.0001, 'aug_strength': 0.2}. Best is trial 29 with value: 0.789451321964503.[0m
Epoch: 050, rocauc: 0.85(train) 0.69(valid), 0.75(test) || time consumption: 42.75s
Epoch: 005, rocauc: 0.85(train) 0.71(valid), 0.76(test) || time consumption: 50.79s
Epoch: 010, rocauc: 0.87(train) 0.74(valid), 0.76(test) || time consumption: 64.36s
Epoch: 015, rocauc: 0.87(train) 0.70(valid), 0.77(test) || time consumption: 50.98s
